Initial state:
########
#.RT..T#
#.B.BT.#
#T.##B.#
#...BS.#
#..#..B#
#TT....#
########

Step 1 (Move L - Left):
########
#.RT..T#
#.B.BT.#
#T.##B.#
#..BS..#
#..#..B#
#TT....#
########

Step 2 (Move R - Right):
########
#.RT..T#
#.B.BT.#
#T.##B.#
#..B.S.#
#..#..B#
#TT....#
########

Step 3 (Move D - Down):
########
#.RT..T#
#.B.BT.#
#T.##B.#
#..B...#
#..#.SB#
#TT....#
########

Step 4 (Move D - Down):
########
#.RT..T#
#.B.BT.#
#T.##B.#
#..B...#
#..#..B#
#TT..S.#
########

Step 5 (Move R - Right):
########
#.RT..T#
#.B.BT.#
#T.##B.#
#..B...#
#..#..B#
#TT...S#
########

Step 6 (Move U - Up):
########
#.RT..T#
#.B.BT.#
#T.##B.#
#..B..B#
#..#..S#
#TT....#
########

Step 7 (Move U - Up):
########
#.RT..T#
#.B.BT.#
#T.##BB#
#..B..S#
#..#...#
#TT....#
########

Step 8 (Move U - Up):
########
#.RT..T#
#.B.BTB#
#T.##BS#
#..B...#
#..#...#
#TT....#
########

Step 9 (Move U - Up):
########
#.RT..B#
#.B.BTS#
#T.##B.#
#..B...#
#..#...#
#TT....#
########

Step 10 (Move L - Left):
########
#.RT..B#
#.B.BS.#
#T.##B.#
#..B...#
#..#...#
#TT....#
########

Step 11 (Move D - Down):
########
#.RT..B#
#.B.B..#
#T.##S.#
#..B.B.#
#..#...#
#TT....#
########

Step 12 (Move D - Down):
########
#.RT..B#
#.B.B..#
#T.##..#
#..B.S.#
#..#.B.#
#TT....#
########

Step 13 (Move D - Down):
########
#.RT..B#
#.B.B..#
#T.##..#
#..B...#
#..#.S.#
#TT..B.#
########

Step 14 (Move R - Right):
########
#.RT..B#
#.B.B..#
#T.##..#
#..B...#
#..#..S#
#TT..B.#
########

Step 15 (Move D - Down):
########
#.RT..B#
#.B.B..#
#T.##..#
#..B...#
#..#...#
#TT..BS#
########

Step 16 (Move L - Left):
########
#.RT..B#
#.B.B..#
#T.##..#
#..B...#
#..#...#
#TT.BS.#
########

Step 17 (Move L - Left):
########
#.RT..B#
#.B.B..#
#T.##..#
#..B...#
#..#...#
#TTBS..#
########

Step 18 (Move L - Left):
########
#.RT..B#
#.B.B..#
#T.##..#
#..B...#
#..#...#
#TBS...#
########

Step 19 (Move R - Right):
########
#.RT..B#
#.B.B..#
#T.##..#
#..B...#
#..#...#
#TB.S..#
########

Step 20 (Move U - Up):
########
#.RT..B#
#.B.B..#
#T.##..#
#..B...#
#..#S..#
#TB....#
########

Step 21 (Move U - Up):
########
#.RT..B#
#.B.B..#
#T.##..#
#..BS..#
#..#...#
#TB....#
########

Step 22 (Move L - Left):
########
#.RT..B#
#.B.B..#
#T.##..#
#.BS...#
#..#...#
#TB....#
########

Step 23 (Move L - Left):
########
#.RT..B#
#.B.B..#
#T.##..#
#BS....#
#..#...#
#TB....#
########

Step 24 (Move U - Up):
########
#.RT..B#
#.B.B..#
#TS##..#
#B.....#
#..#...#
#TB....#
########

Step 25 (Move L - Left):
########
#.RT..B#
#.B.B..#
#S.##..#
#B.....#
#..#...#
#TB....#
########

Step 26 (Move U - Up):
########
#.RT..B#
#SB.B..#
#..##..#
#B.....#
#..#...#
#TB....#
########

Step 27 (Move U - Up):
########
#SRT..B#
#.B.B..#
#..##..#
#B.....#
#..#...#
#TB....#
########

Step 28 (Move R - Right):
########
#.SB..B#
#.B.B..#
#..##..#
#B.....#
#..#...#
#TB....#
########

Step 29 (Move L - Left):
########
#S.B..B#
#.B.B..#
#..##..#
#B.....#
#..#...#
#TB....#
########

Step 30 (Move D - Down):
########
#..B..B#
#SB.B..#
#..##..#
#B.....#
#..#...#
#TB....#
########

Step 31 (Move D - Down):
########
#..B..B#
#.B.B..#
#S.##..#
#B.....#
#..#...#
#TB....#
########

Step 32 (Move D - Down):
########
#..B..B#
#.B.B..#
#..##..#
#S.....#
#B.#...#
#TB....#
########

Step 33 (Move D - Down):
########
#..B..B#
#.B.B..#
#..##..#
#......#
#S.#...#
#BB....#
########

Step 34 (Move U - Up):
########
#..B..B#
#.B.B..#
#..##..#
#S.....#
#..#...#
#BB....#
########

Step 35 (Move U - Up):
########
#..B..B#
#.B.B..#
#S.##..#
#......#
#..#...#
#BB....#
########

Step 36 (Move R - Right):
########
#..B..B#
#.B.B..#
#.S##..#
#......#
#..#...#
#BB....#
########

Step 37 (Move U - Up):
########
#.BB..B#
#.S.B..#
#..##..#
#......#
#..#...#
#BB....#
########

Step 38 (Move R - Right):
########
#.BB..B#
#..SB..#
#..##..#
#......#
#..#...#
#BB....#
########

Step 39 (Move R - Right):
########
#.BB..B#
#...SB.#
#..##..#
#......#
#..#...#
#BB....#
########

