Initial state:
########
#.RT..T#
#.B.BT.#
#T.##B.#
#...BS.#
#..#..B#
#TT....#
########

Step 1 (Move L - Left):
########
#.RT..T#
#.B.BT.#
#T.##B.#
#..BS..#
#..#..B#
#TT....#
########

Step 2 (Move R - Right):
########
#.RT..T#
#.B.BT.#
#T.##B.#
#..B.S.#
#..#..B#
#TT....#
########

Step 3 (Move D - Down):
########
#.RT..T#
#.B.BT.#
#T.##B.#
#..B...#
#..#.SB#
#TT....#
########

Step 4 (Move D - Down):
########
#.RT..T#
#.B.BT.#
#T.##B.#
#..B...#
#..#..B#
#TT..S.#
########

Step 5 (Move R - Right):
########
#.RT..T#
#.B.BT.#
#T.##B.#
#..B...#
#..#..B#
#TT...S#
########

Step 6 (Move U - Up):
########
#.RT..T#
#.B.BT.#
#T.##B.#
#..B..B#
#..#..S#
#TT....#
########

Step 7 (Move U - Up):
########
#.RT..T#
#.B.BT.#
#T.##BB#
#..B..S#
#..#...#
#TT....#
########

Step 8 (Move U - Up):
########
#.RT..T#
#.B.BTB#
#T.##BS#
#..B...#
#..#...#
#TT....#
########

Step 9 (Move U - Up):
########
#.RT..R#
#.B.BTS#
#T.##B.#
#..B...#
#..#...#
#TT....#
########

Step 10 (Move L - Left):
########
#.RT..R#
#.B.BS.#
#T.##B.#
#..B...#
#..#...#
#TT....#
########

Step 11 (Move D - Down):
########
#.RT..R#
#.B.BT.#
#T.##S.#
#..B.B.#
#..#...#
#TT....#
########

Step 12 (Move D - Down):
########
#.RT..R#
#.B.BT.#
#T.##..#
#..B.S.#
#..#.B.#
#TT....#
########

Step 13 (Move D - Down):
########
#.RT..R#
#.B.BT.#
#T.##..#
#..B...#
#..#.S.#
#TT..B.#
########

Step 14 (Move R - Right):
########
#.RT..R#
#.B.BT.#
#T.##..#
#..B...#
#..#..S#
#TT..B.#
########

Step 15 (Move D - Down):
########
#.RT..R#
#.B.BT.#
#T.##..#
#..B...#
#..#...#
#TT..BS#
########

Step 16 (Move L - Left):
########
#.RT..R#
#.B.BT.#
#T.##..#
#..B...#
#..#...#
#TT.BS.#
########

Step 17 (Move L - Left):
########
#.RT..R#
#.B.BT.#
#T.##..#
#..B...#
#..#...#
#TTBS..#
########

Step 18 (Move L - Left):
########
#.RT..R#
#.B.BT.#
#T.##..#
#..B...#
#..#...#
#TRS...#
########

Step 19 (Move R - Right):
########
#.RT..R#
#.B.BT.#
#T.##..#
#..B...#
#..#...#
#TR.S..#
########

Step 20 (Move U - Up):
########
#.RT..R#
#.B.BT.#
#T.##..#
#..B...#
#..#S..#
#TR....#
########

Step 21 (Move U - Up):
########
#.RT..R#
#.B.BT.#
#T.##..#
#..BS..#
#..#...#
#TR....#
########

Step 22 (Move L - Left):
########
#.RT..R#
#.B.BT.#
#T.##..#
#.BS...#
#..#...#
#TR....#
########

Step 23 (Move L - Left):
########
#.RT..R#
#.B.BT.#
#T.##..#
#BS....#
#..#...#
#TR....#
########

Step 24 (Move U - Up):
########
#.RT..R#
#.B.BT.#
#TS##..#
#B.....#
#..#...#
#TR....#
########

Step 25 (Move L - Left):
########
#.RT..R#
#.B.BT.#
#S.##..#
#B.....#
#..#...#
#TR....#
########

Step 26 (Move U - Up):
########
#.RT..R#
#SB.BT.#
#T.##..#
#B.....#
#..#...#
#TR....#
########

Step 27 (Move U - Up):
########
#SRT..R#
#.B.BT.#
#T.##..#
#B.....#
#..#...#
#TR....#
########

Step 28 (Move R - Right):
########
#.SR..R#
#.B.BT.#
#T.##..#
#B.....#
#..#...#
#TR....#
########

Step 29 (Move L - Left):
########
#STR..R#
#.B.BT.#
#T.##..#
#B.....#
#..#...#
#TR....#
########

Step 30 (Move D - Down):
########
#.TR..R#
#SB.BT.#
#T.##..#
#B.....#
#..#...#
#TR....#
########

Step 31 (Move D - Down):
########
#.TR..R#
#.B.BT.#
#S.##..#
#B.....#
#..#...#
#TR....#
########


Step 32 (Move D - Down):
########
#.TR..R#
#.B.BT.#
#T.##..#
#S.....#
#B.#...#
#TR....#
########

Step 33 (Move D - Down):
########
#.TR..R#
#.B.BT.#
#T.##..#
#......#
#S.#...#
#RR....#
########

Step 34 (Move U - Up):
########
#.TR..R#
#.B.BT.#
#T.##..#
#S....#
#..#...#
#RR....#
########

Step 35 (Move U - Up):
########
#.TR..R#
#.B.BT.#
#S.##..#
#.....#
#..#...#
#RR....#
########

Step 36 (Move R - Right):
########
#.TR..R#
#.B.BT.#
#TS##..#
#.....#
#..#...#
#RR....#
########

Step 37 (Move U - Up):
########
#.RR..R#
#.S.BT.#
#T.##..#
#.....#
#..#...#
#RR....#
########

Step 38 (Move R - Right):
########
#.RR..R#
#..SBT.#
#T.##..#
#.....#
#..#...#
#RR....#
########

Step 39 (Move R - Right):
########
#.RR..R#
#...SR.#
#T.##..#
#.....#
#..#...#
#RR....#
########

